C:\USERS\EVER\DESKTOP\VJ2_0\DXCLASE4\DXCLASE2\DEBUG\MAIN.OBJ
C:\USERS\EVER\DESKTOP\VJ2_0\DXCLASE4\DXCLASE2\DEBUG\VC110.PDB
C:\Users\Ever\Desktop\vj2_0\DXClase4\DXClase2\Debug\main.obj
C:\Users\Ever\Desktop\vj2_0\DXClase4\DXClase2\Debug\cl.command.1.tlog
C:\Users\Ever\Desktop\vj2_0\DXClase4\DXClase2\Debug\CL.read.1.tlog
C:\Users\Ever\Desktop\vj2_0\DXClase4\DXClase2\Debug\CL.write.1.tlog
C:\Users\Ever\Desktop\vj2_0\DXClase4\DXClase2\Debug\link-cvtres.read.1.tlog
C:\Users\Ever\Desktop\vj2_0\DXClase4\DXClase2\Debug\link-cvtres.write.1.tlog
C:\Users\Ever\Desktop\vj2_0\DXClase4\DXClase2\Debug\link-rc.read.1.tlog
C:\Users\Ever\Desktop\vj2_0\DXClase4\DXClase2\Debug\link-rc.write.1.tlog
C:\Users\Ever\Desktop\vj2_0\DXClase4\DXClase2\Debug\link.13636-cvtres.read.1.tlog
C:\Users\Ever\Desktop\vj2_0\DXClase4\DXClase2\Debug\link.13636-cvtres.write.1.tlog
C:\Users\Ever\Desktop\vj2_0\DXClase4\DXClase2\Debug\link.13636-rc.read.1.tlog
C:\Users\Ever\Desktop\vj2_0\DXClase4\DXClase2\Debug\link.13636-rc.write.1.tlog
C:\Users\Ever\Desktop\vj2_0\DXClase4\DXClase2\Debug\link.13636.read.1.tlog
C:\Users\Ever\Desktop\vj2_0\DXClase4\DXClase2\Debug\link.13636.write.1.tlog
C:\Users\Ever\Desktop\vj2_0\DXClase4\DXClase2\Debug\link.15280-cvtres.read.1.tlog
C:\Users\Ever\Desktop\vj2_0\DXClase4\DXClase2\Debug\link.15280-cvtres.write.1.tlog
C:\Users\Ever\Desktop\vj2_0\DXClase4\DXClase2\Debug\link.15280-rc.read.1.tlog
C:\Users\Ever\Desktop\vj2_0\DXClase4\DXClase2\Debug\link.15280-rc.write.1.tlog
C:\Users\Ever\Desktop\vj2_0\DXClase4\DXClase2\Debug\link.15280.read.1.tlog
C:\Users\Ever\Desktop\vj2_0\DXClase4\DXClase2\Debug\link.15280.write.1.tlog
C:\Users\Ever\Desktop\vj2_0\DXClase4\DXClase2\Debug\link.command.1.tlog
C:\Users\Ever\Desktop\vj2_0\DXClase4\DXClase2\Debug\link.read.1.tlog
C:\Users\Ever\Desktop\vj2_0\DXClase4\DXClase2\Debug\link.write.1.tlog
C:\Users\Ever\Desktop\vj2_0\DXClase4\DXClase2\Debug\vc110.idb
C:\Users\Ever\Desktop\vj2_0\DXClase4\DXClase2\Debug\vc120.idb
C:\Users\Ever\Desktop\vj2_0\DXClase4\DXClase2\Debug\vc110.pdb
C:\Users\Ever\Desktop\vj2_0\DXClase4\DXClase2\Debug\vc120.pdb
C:\Users\Ever\Desktop\vj2_0\DXClase4\Debug\DXClase2.pdb
